<?xml version="1.0" encoding="UTF-8"?>
<!-- Generated by org.testng.reporters.JUnitXMLReporter -->
<testsuite hostname="ISHWS43" name="Test" tests="12" failures="0" timestamp="8 Jan 2016 13:33:38 GMT" time="152.962" errors="0">
  <testcase name="caseStudies" time="1.618" classname="testLogin.CaseStudies"/>
  <testcase name="VerifyDataEntry" time="1.816" classname="testLogin.CaseStudies"/>
  <testcase name="submitForm" time="5.166" classname="testLogin.CaseStudies"/>
  <testcase name="LaunchURL" time="12.24" classname="testLogin.ClientsPage"/>
  <testcase name="ToolTip" time="23.036" classname="testLogin.CompanyPage"/>
  <testcase name="Dashboard" time="0.086" classname="testLogin.LetsTalk"/>
  <testcase name="ScrollPageDown" time="0.051" classname="testLogin.LetsTalk"/>
  <testcase name="FormField" time="4.577" classname="testLogin.LetsTalk"/>
  <testcase name="changeWindow" time="44.126" classname="testLogin.HomePage"/>
  <testcase name="testsetup" time="18.459" classname="testLogin.DownloadBtn"/>
  <testcase name="dynamicPage" time="12.184" classname="testLogin.DynamicPageHandle"/>
  <testcase name="dynamicPanel" time="6.128" classname="testLogin.DynamicPageHandle"/>
</testsuite> <!-- Test -->
