<?xml version="1.0" encoding="UTF-8"?>
<testng-results skipped="0" failed="0" total="1" passed="1">
  <reporter-output>
    <line>
      <![CDATA[User has succesfully verified the broken image]]>
    </line>
  </reporter-output>
  <suite name="Default suite" duration-ms="12710" started-at="2016-01-08T13:18:21Z" finished-at="2016-01-08T13:18:34Z">
    <groups>
    </groups>
    <test name="Default test" duration-ms="12710" started-at="2016-01-08T13:18:21Z" finished-at="2016-01-08T13:18:34Z">
      <class name="testLogin.ClientsPage">
        <test-method status="PASS" signature="LaunchURL()[pri:0, instance:testLogin.ClientsPage@35f983a6]" name="LaunchURL" duration-ms="12696" started-at="2016-01-08T18:48:21Z" finished-at="2016-01-08T18:48:34Z">
          <reporter-output>
            <line>
              <![CDATA[User has succesfully verified the broken image]]>
            </line>
          </reporter-output>
        </test-method> <!-- LaunchURL -->
      </class> <!-- testLogin.ClientsPage -->
    </test> <!-- Default test -->
  </suite> <!-- Default suite -->
</testng-results>
