<?xml version="1.0" encoding="UTF-8"?>
<testng-results skipped="0" failed="0" total="1" passed="1">
  <reporter-output>
  </reporter-output>
  <suite name="Default suite" duration-ms="44135" started-at="2016-01-07T12:06:01Z" finished-at="2016-01-07T12:06:45Z">
    <groups>
    </groups>
    <test name="Default test" duration-ms="44135" started-at="2016-01-07T12:06:01Z" finished-at="2016-01-07T12:06:45Z">
      <class name="testLogin.HomePage">
        <test-method status="PASS" signature="changeWindow()[pri:0, instance:testLogin.HomePage@6a5fc7f7]" name="changeWindow" duration-ms="44114" started-at="2016-01-07T17:36:01Z" finished-at="2016-01-07T17:36:45Z">
          <reporter-output>
          </reporter-output>
        </test-method> <!-- changeWindow -->
      </class> <!-- testLogin.HomePage -->
    </test> <!-- Default test -->
  </suite> <!-- Default suite -->
</testng-results>
